<!DOCTYPE html PUBLIC "-//W3C//DTD XHTML 1.1//EN" "http://www.w3.org/TR/xhtml11/DTD/xhtml11.dtd">
<html xmlns="http://www.w3.org/1999/xhtml">
<head>
    <meta http-equiv="content-type" content="text/html; charset=UTF-8"/>
    <title>TestNG Report</title>
    <style type="text/css">
        table {margin-bottom:10px;border-collapse:collapse;empty-cells:show}th,td {border:1px solid #009;padding:.25em .5em}th {vertical-align:bottom}td {vertical-align:top}table a {font-weight:bold}.stripe td {background-color: #E6EBF9}.num {text-align:right}.passedodd td {background-color: #3F3}.passedeven td {background-color: #0A0}.skippedodd td {background-color: #DDD}.skippedeven td {background-color: #CCC}.failedodd td,.attn {background-color: #F33}.failedeven td,.stripe .attn {background-color: #D00}.stacktrace {white-space:pre;font-family:monospace}.totop {font-size:85%;text-align:center;border-bottom:2px solid #000}.invisible {display:none}
    </style>
</head>
<body>
<table>
    <tr>
        <th>Test</th>
        <th># Passed</th>
        <th># Skipped</th>
        <th># Failed</th>
        <th>Time (ms)</th>
        <th>Included Groups</th>
        <th>Excluded Groups</th>
    </tr>
    <tr>
        <th colspan="7">Command line suite</th>
    </tr>
    <tr>
        <td><a href="#t0">Command line test</a></td>
        <td class="num">1</td>
        <td class="num">0</td>
        <td class="num attn">1</td>
        <td class="num">74,066</td>
        <td></td>
        <td></td>
    </tr>
</table>
<table id='summary'>
    <thead>
    <tr>
        <th>Class</th>
        <th>Method</th>
        <th>Start</th>
        <th>Time (ms)</th>
    </tr>
    </thead>
    <tbody>
    <tr>
        <th colspan="4">Command line suite</th>
    </tr>
    </tbody>
    <tbody id="t0">
    <tr>
        <th colspan="4">Command line test &#8212; failed</th>
    </tr>
    <tr class="failedeven">
        <td rowspan="1">tests.SearchTest</td>
        <td><a href="#m0">verifySearchByVoiceTooltipOnGoogle</a></td>
        <td rowspan="1">1590572650034</td>
        <td rowspan="1">464</td>
    </tr>
    <tr>
        <th colspan="4">Command line test &#8212; passed</th>
    </tr>
    <tr class="passedeven">
        <td rowspan="1">tests.SearchTest</td>
        <td><a href="#m1">openGoogleInChromeTest1</a></td>
        <td rowspan="1">1590572580653</td>
        <td rowspan="1">68870</td>
    </tr>
    </tbody>
</table>
<h2>Command line test</h2>
<h3 id="m0">tests.SearchTest#verifySearchByVoiceTooltipOnGoogle</h3>
<table class="result">
    <tr>
        <th>Exception</th>
    </tr>
    <tr>
        <td>
            <div class="stacktrace">org.openqa.selenium.WebDriverException: java.lang.reflect.InvocationTargetException
                Build info: version: &apos;3.12.0&apos;, revision: &apos;7c6e0b3&apos;, time: &apos;2018-05-08T14:04:26.12Z&apos;
                System info: host: &apos;DESKTOP-L3DKLKL&apos;, ip: &apos;192.168.0.106&apos;, os.name: &apos;Windows 10&apos;,
                os.arch: &apos;amd64&apos;, os.version: &apos;10.0&apos;, java.version: &apos;1.8.0_181&apos;
                Driver info: driver.version: RemoteWebDriver
                at org.openqa.selenium.json.BeanToJsonConverter.convertUsingMethod(BeanToJsonConverter.java:195)
                at org.openqa.selenium.json.BeanToJsonConverter.lambda$new$11(BeanToJsonConverter.java:90)
                at org.openqa.selenium.json.BeanToJsonConverter.lambda$convertObject$26(BeanToJsonConverter.java:171)
                at java.util.Optional.map(Optional.java:215)
                at org.openqa.selenium.json.BeanToJsonConverter.convertObject(BeanToJsonConverter.java:171)
                at org.openqa.selenium.json.BeanToJsonConverter.lambda$null$16(BeanToJsonConverter.java:102)
                at java.util.stream.ReferencePipeline$3$1.accept(ReferencePipeline.java:193)
                at java.util.Iterator.forEachRemaining(Iterator.java:116)
                at java.util.Spliterators$IteratorSpliterator.forEachRemaining(Spliterators.java:1801)
                at java.util.stream.AbstractPipeline.copyInto(AbstractPipeline.java:481)
                at java.util.stream.AbstractPipeline.wrapAndCopyInto(AbstractPipeline.java:471)
                at java.util.stream.ReduceOps$ReduceOp.evaluateSequential(ReduceOps.java:708)
                at java.util.stream.AbstractPipeline.evaluate(AbstractPipeline.java:234)
                at java.util.stream.ReferencePipeline.collect(ReferencePipeline.java:499)
                at org.openqa.selenium.json.BeanToJsonConverter.lambda$new$18(BeanToJsonConverter.java:103)
                at org.openqa.selenium.json.BeanToJsonConverter.lambda$convertObject$26(BeanToJsonConverter.java:171)
                at java.util.Optional.map(Optional.java:215)
                at org.openqa.selenium.json.BeanToJsonConverter.convertObject(BeanToJsonConverter.java:171)
                at org.openqa.selenium.json.BeanToJsonConverter.lambda$null$19(BeanToJsonConverter.java:109)
                at com.google.common.collect.SingletonImmutableBiMap.forEach(SingletonImmutableBiMap.java:65)
                at org.openqa.selenium.json.BeanToJsonConverter.lambda$new$20(BeanToJsonConverter.java:108)
                at org.openqa.selenium.json.BeanToJsonConverter.lambda$convertObject$26(BeanToJsonConverter.java:171)
                at java.util.Optional.map(Optional.java:215)
                at org.openqa.selenium.json.BeanToJsonConverter.convertObject(BeanToJsonConverter.java:171)
                at org.openqa.selenium.json.BeanToJsonConverter.convert(BeanToJsonConverter.java:139)
                at org.openqa.selenium.json.Json.toJson(Json.java:48)
                at org.openqa.selenium.remote.http.AbstractHttpCommandCodec.encode(AbstractHttpCommandCodec.java:227)
                at org.openqa.selenium.remote.http.AbstractHttpCommandCodec.encode(AbstractHttpCommandCodec.java:117)
                at org.openqa.selenium.remote.HttpCommandExecutor.execute(HttpCommandExecutor.java:152)
                at org.openqa.selenium.remote.service.DriverCommandExecutor.execute(DriverCommandExecutor.java:83)
                at org.openqa.selenium.remote.RemoteWebDriver.execute(RemoteWebDriver.java:543)
                at org.openqa.selenium.remote.RemoteWebDriver.perform(RemoteWebDriver.java:609)
                at org.openqa.selenium.interactions.Actions$BuiltAction.perform(Actions.java:638)
                at pages.SearchPage.moveToSearchVoiceButton(SearchPage.java:48)
                at steps.SearchSteps.openToolTip(SearchSteps.java:17)
                at tests.SearchTest.verifySearchByVoiceTooltipOnGoogle(SearchTest.java:18)
                at org.openqa.selenium.json.BeanToJsonConverter.convertUsingMethod(BeanToJsonConverter.java:191)
                ... 70 more
                Caused by: org.openqa.selenium.NoSuchElementException: Unable to find element with css selector ==
                div.hpuQDe
                For documentation on this error, please visit: http://seleniumhq.org/exceptions/no_such_element.html
                Build info: version: &apos;3.12.0&apos;, revision: &apos;7c6e0b3&apos;, time: &apos;2018-05-08T14:04:26.12Z&apos;
                System info: host: &apos;DESKTOP-L3DKLKL&apos;, ip: &apos;192.168.0.106&apos;, os.name: &apos;Windows 10&apos;,
                os.arch: &apos;amd64&apos;, os.version: &apos;10.0&apos;, java.version: &apos;1.8.0_181&apos;
                Driver info: org.openqa.selenium.ie.InternetExplorerDriver
                Capabilities {acceptInsecureCerts: false, browserName: internet explorer, browserVersion: 11,
                javascriptEnabled: true, pageLoadStrategy: normal, platform: WINDOWS, platformName: WINDOWS, proxy:
                Proxy(), se:ieOptions: {browserAttachTimeout: 0, elementScrollBehavior: 0, enablePersistentHover: true,
                ie.browserCommandLineSwitches: , ie.edgechromium: false, ie.edgepath: , ie.ensureCleanSession: false,
                ie.fileUploadDialogTimeout: 3000, ie.forceCreateProcessApi: false, ignoreProtectedModeSettings: false,
                ignoreZoomSetting: true, initialBrowserUrl: http://localhost:42832/, nativeEvents: true,
                requireWindowFocus: false}, setWindowRect: true, strictFileInteractability: false, timeouts: {implicit:
                0, pageLoad: 300000, script: 30000}, unhandledPromptBehavior: dismiss and notify}
                Session ID: 20d651b5-a543-4cbd-9d6b-2548db47e48a
                *** Element info: {Using=css selector, value=div.hpuQDe}
                at org.openqa.selenium.remote.http.W3CHttpResponseCodec.createException(W3CHttpResponseCodec.java:187)
                at org.openqa.selenium.remote.http.W3CHttpResponseCodec.decode(W3CHttpResponseCodec.java:122)
                at org.openqa.selenium.remote.http.W3CHttpResponseCodec.decode(W3CHttpResponseCodec.java:49)
                at org.openqa.selenium.remote.HttpCommandExecutor.execute(HttpCommandExecutor.java:158)
                at org.openqa.selenium.remote.service.DriverCommandExecutor.execute(DriverCommandExecutor.java:83)
                at org.openqa.selenium.remote.RemoteWebDriver.execute(RemoteWebDriver.java:543)
                at org.openqa.selenium.remote.RemoteWebDriver.findElement(RemoteWebDriver.java:317)
                at org.openqa.selenium.remote.RemoteWebDriver.findElementByCssSelector(RemoteWebDriver.java:411)
                at org.openqa.selenium.By$ByCssSelector.findElement(By.java:431)
                at org.openqa.selenium.remote.RemoteWebDriver.findElement(RemoteWebDriver.java:309)
                at
                org.openqa.selenium.support.pagefactory.DefaultElementLocator.findElement(DefaultElementLocator.java:69)
                at
                org.openqa.selenium.support.pagefactory.internal.LocatingElementHandler.invoke(LocatingElementHandler.java:38)
                at com.sun.proxy.$Proxy9.getWrappedElement(Unknown Source)
                at org.openqa.selenium.interactions.PointerInput$Origin.asArg(PointerInput.java:203)
                at org.openqa.selenium.interactions.PointerInput$Move.encode(PointerInput.java:154)
                at org.openqa.selenium.interactions.Sequence.encode(Sequence.java:75)
                at org.openqa.selenium.interactions.Sequence.toJson(Sequence.java:84)
                ... 75 more
                ... Removed 44 stack frames
            </div>
        </td>
    </tr>
</table>
<p class="totop"><a href="#summary">back to summary</a></p>
<h3 id="m1">tests.SearchTest#openGoogleInChromeTest1</h3>
<table class="result">
    <tr class="param">
        <th>Parameter #1</th>
    </tr>
    <tr class="param stripe">
        <td>selenium java</td>
    </tr>
</table>
<p class="totop"><a href="#summary">back to summary</a></p>
</body>
</html>
