<?xml version="1.0" encoding="UTF-8" ?>
<testsuite tests="2" failures="1" name="TestSuite" time="69.355" errors="0" skipped="0">
    <properties>
        <property name="java.runtime.name" value="Java(TM) SE Runtime Environment"/>
        <property name="sun.boot.library.path" value="C:\Program Files\Java\jdk1.8.0_181\jre\bin"/>
        <property name="java.vm.version" value="25.181-b13"/>
        <property name="java.vm.vendor" value="Oracle Corporation"/>
        <property name="maven.multiModuleProjectDirectory" value="C:\testingFramework"/>
        <property name="java.vendor.url" value="http://java.oracle.com/"/>
        <property name="path.separator" value=";"/>
        <property name="guice.disable.misplaced.annotation.check" value="true"/>
        <property name="java.vm.name" value="Java HotSpot(TM) 64-Bit Server VM"/>
        <property name="file.encoding.pkg" value="sun.io"/>
        <property name="user.script" value=""/>
        <property name="user.country" value="US"/>
        <property name="sun.java.launcher" value="SUN_STANDARD"/>
        <property name="sun.os.patch.level" value=""/>
        <property name="java.vm.specification.name" value="Java Virtual Machine Specification"/>
        <property name="user.dir" value="C:\testingFramework"/>
        <property name="java.runtime.version" value="1.8.0_181-b13"/>
        <property name="java.awt.graphicsenv" value="sun.awt.Win32GraphicsEnvironment"/>
        <property name="java.endorsed.dirs" value="C:\Program Files\Java\jdk1.8.0_181\jre\lib\endorsed"/>
        <property name="os.arch" value="amd64"/>
        <property name="java.io.tmpdir" value="C:\Users\User\AppData\Local\Temp\"/>
        <property name="line.separator" value="
"/>
        <property name="java.vm.specification.vendor" value="Oracle Corporation"/>
        <property name="user.variant" value=""/>
        <property name="os.name" value="Windows 10"/>
        <property name="classworlds.conf" value="C:\Program Files\apache-maven-3.6.1\bin\..\bin\m2.conf"/>
        <property name="sun.jnu.encoding" value="Cp1252"/>
        <property name="java.library.path"
                  value="C:\Program Files\Java\jdk1.8.0_181\bin;C:\WINDOWS\Sun\Java\bin;C:\WINDOWS\system32;C:\WINDOWS;C:\Program Files\Python37\Scripts\;C:\Program Files\Python37\;C:\Program Files (x86)\Common Files\Oracle\Java\javapath;C:\Windows\system32;C:\Windows;C:\Windows\System32\Wbem;C:\Windows\System32\WindowsPowerShell\v1.0\;C:\Program Files (x86)\NVIDIA Corporation\PhysX\Common;C:\WINDOWS\system32;C:\WINDOWS;C:\WINDOWS\System32\Wbem;C:\WINDOWS\System32\WindowsPowerShell\v1.0\;C:\WINDOWS\System32\OpenSSH\;C:\Program Files\Microsoft SQL Server\Client SDK\ODBC\130\Tools\Binn\;C:\Program Files (x86)\Microsoft SQL Server\140\Tools\Binn\;C:\Program Files\Microsoft SQL Server\140\Tools\Binn\;C:\Program Files\Microsoft SQL Server\140\DTS\Binn\;C:\Program Files (x86)\Microsoft SQL Server\Client SDK\ODBC\130\Tools\Binn\;C:\Program Files (x86)\Microsoft SQL Server\140\DTS\Binn\;C:\Program Files (x86)\Microsoft SQL Server\140\Tools\Binn\ManagementStudio\;C:\ProgramData\chocolatey\bin;C:\Program Files\Git\cmd;C:\apache-maven-3.6.1\bin;C:\Program Files\Notepad++;C:\Program Files\NVIDIA Corporation\NVIDIA NvDLISR;C:\Program Files\Java\jre1.8.0_201\lib\ext;C:\Program Files\nodejs\;C:\WINDOWS\system32;C:\WINDOWS;C:\WINDOWS\System32\Wbem;C:\WINDOWS\System32\WindowsPowerShell\v1.0\;C:\WINDOWS\System32\OpenSSH\;C:\Program Files (x86)\Intel\Intel(R) Management Engine Components\DAL;C:\Program Files\Intel\Intel(R) Management Engine Components\DAL;C:\Users\User\scoop\shims;C:\Users\User\AppData\Local\Microsoft\WindowsApps;C:\Users\User\AppData\Local\Programs\Microsoft VS Code\bin;C:\Program Files\apache-maven-3.6.1\bin;;C:\Users\User\AppData\Local\Microsoft\WindowsApps;C:\Program Files\JetBrains\PyCharm Edu 2019.1.2\bin;;C:\Users\User\AppData\Roaming\npm;."/>
        <property name="maven.conf" value="C:\Program Files\apache-maven-3.6.1\bin\../conf"/>
        <property name="java.specification.name" value="Java Platform API Specification"/>
        <property name="java.class.version" value="52.0"/>
        <property name="sun.management.compiler" value="HotSpot 64-Bit Tiered Compilers"/>
        <property name="os.version" value="10.0"/>
        <property name="library.jansi.path" value="C:\Program Files\apache-maven-3.6.1\bin\..\lib\jansi-native"/>
        <property name="user.home" value="C:\Users\User"/>
        <property name="user.timezone" value="Europe/Helsinki"/>
        <property name="java.awt.printerjob" value="sun.awt.windows.WPrinterJob"/>
        <property name="java.specification.version" value="1.8"/>
        <property name="file.encoding" value="Cp1252"/>
        <property name="user.name" value="User"/>
        <property name="java.class.path"
                  value="C:\Program Files\apache-maven-3.6.1\bin\..\boot\plexus-classworlds-2.6.0.jar"/>
        <property name="java.vm.specification.version" value="1.8"/>
        <property name="sun.arch.data.model" value="64"/>
        <property name="java.home" value="C:\Program Files\Java\jdk1.8.0_181\jre"/>
        <property name="sun.java.command" value="org.codehaus.plexus.classworlds.launcher.Launcher clean test"/>
        <property name="java.specification.vendor" value="Oracle Corporation"/>
        <property name="user.language" value="en"/>
        <property name="awt.toolkit" value="sun.awt.windows.WToolkit"/>
        <property name="java.vm.info" value="mixed mode"/>
        <property name="java.version" value="1.8.0_181"/>
        <property name="java.ext.dirs"
                  value="C:\Program Files\Java\jdk1.8.0_181\jre\lib\ext;C:\WINDOWS\Sun\Java\lib\ext"/>
        <property name="sun.boot.class.path"
                  value="C:\Program Files\Java\jdk1.8.0_181\jre\lib\resources.jar;C:\Program Files\Java\jdk1.8.0_181\jre\lib\rt.jar;C:\Program Files\Java\jdk1.8.0_181\jre\lib\sunrsasign.jar;C:\Program Files\Java\jdk1.8.0_181\jre\lib\jsse.jar;C:\Program Files\Java\jdk1.8.0_181\jre\lib\jce.jar;C:\Program Files\Java\jdk1.8.0_181\jre\lib\charsets.jar;C:\Program Files\Java\jdk1.8.0_181\jre\lib\jfr.jar;C:\Program Files\Java\jdk1.8.0_181\jre\classes"/>
        <property name="sun.stderr.encoding" value="cp437"/>
        <property name="java.vendor" value="Oracle Corporation"/>
        <property name="maven.home" value="C:\Program Files\apache-maven-3.6.1\bin\.."/>
        <property name="file.separator" value="\"/>
        <property name="java.vendor.url.bug" value="http://bugreport.sun.com/bugreport/"/>
        <property name="sun.cpu.endian" value="little"/>
        <property name="sun.io.unicode.encoding" value="UnicodeLittle"/>
        <property name="sun.stdout.encoding" value="cp437"/>
        <property name="sun.desktop" value="windows"/>
        <property name="sun.cpu.isalist" value="amd64"/>
    </properties>
    <testcase classname="tests.SearchTest" name="openGoogleInChromeTest1" time="68.872"/>
    <testcase classname="tests.SearchTest" name="verifySearchByVoiceTooltipOnGoogle" time="0.483">
        <failure message="java.lang.reflect.InvocationTargetException
Build info: version: &apos;3.12.0&apos;, revision: &apos;7c6e0b3&apos;, time: &apos;2018-05-08T14:04:26.12Z&apos;
System info: host: &apos;DESKTOP-L3DKLKL&apos;, ip: &apos;192.168.0.106&apos;, os.name: &apos;Windows 10&apos;, os.arch: &apos;amd64&apos;, os.version: &apos;10.0&apos;, java.version: &apos;1.8.0_181&apos;
Driver info: driver.version: RemoteWebDriver" type="org.openqa.selenium.WebDriverException">
            org.openqa.selenium.WebDriverException: java.lang.reflect.InvocationTargetException
            Build info: version: &apos;3.12.0&apos;, revision: &apos;7c6e0b3&apos;, time: &apos;2018-05-08T14:04:26.12Z&apos;
            System info: host: &apos;DESKTOP-L3DKLKL&apos;, ip: &apos;192.168.0.106&apos;, os.name: &apos;Windows 10&apos;,
            os.arch: &apos;amd64&apos;, os.version: &apos;10.0&apos;, java.version: &apos;1.8.0_181&apos;
            Driver info: driver.version: RemoteWebDriver
            at org.openqa.selenium.json.BeanToJsonConverter.convertUsingMethod(BeanToJsonConverter.java:195)
            at org.openqa.selenium.json.BeanToJsonConverter.lambda$new$11(BeanToJsonConverter.java:90)
            at org.openqa.selenium.json.BeanToJsonConverter.lambda$convertObject$26(BeanToJsonConverter.java:171)
            at java.util.Optional.map(Optional.java:215)
            at org.openqa.selenium.json.BeanToJsonConverter.convertObject(BeanToJsonConverter.java:171)
            at org.openqa.selenium.json.BeanToJsonConverter.lambda$null$16(BeanToJsonConverter.java:102)
            at java.util.stream.ReferencePipeline$3$1.accept(ReferencePipeline.java:193)
            at java.util.Iterator.forEachRemaining(Iterator.java:116)
            at java.util.Spliterators$IteratorSpliterator.forEachRemaining(Spliterators.java:1801)
            at java.util.stream.AbstractPipeline.copyInto(AbstractPipeline.java:481)
            at java.util.stream.AbstractPipeline.wrapAndCopyInto(AbstractPipeline.java:471)
            at java.util.stream.ReduceOps$ReduceOp.evaluateSequential(ReduceOps.java:708)
            at java.util.stream.AbstractPipeline.evaluate(AbstractPipeline.java:234)
            at java.util.stream.ReferencePipeline.collect(ReferencePipeline.java:499)
            at org.openqa.selenium.json.BeanToJsonConverter.lambda$new$18(BeanToJsonConverter.java:103)
            at org.openqa.selenium.json.BeanToJsonConverter.lambda$convertObject$26(BeanToJsonConverter.java:171)
            at java.util.Optional.map(Optional.java:215)
            at org.openqa.selenium.json.BeanToJsonConverter.convertObject(BeanToJsonConverter.java:171)
            at org.openqa.selenium.json.BeanToJsonConverter.lambda$null$19(BeanToJsonConverter.java:109)
            at com.google.common.collect.SingletonImmutableBiMap.forEach(SingletonImmutableBiMap.java:65)
            at org.openqa.selenium.json.BeanToJsonConverter.lambda$new$20(BeanToJsonConverter.java:108)
            at org.openqa.selenium.json.BeanToJsonConverter.lambda$convertObject$26(BeanToJsonConverter.java:171)
            at java.util.Optional.map(Optional.java:215)
            at org.openqa.selenium.json.BeanToJsonConverter.convertObject(BeanToJsonConverter.java:171)
            at org.openqa.selenium.json.BeanToJsonConverter.convert(BeanToJsonConverter.java:139)
            at org.openqa.selenium.json.Json.toJson(Json.java:48)
            at org.openqa.selenium.remote.http.AbstractHttpCommandCodec.encode(AbstractHttpCommandCodec.java:227)
            at org.openqa.selenium.remote.http.AbstractHttpCommandCodec.encode(AbstractHttpCommandCodec.java:117)
            at org.openqa.selenium.remote.HttpCommandExecutor.execute(HttpCommandExecutor.java:152)
            at org.openqa.selenium.remote.service.DriverCommandExecutor.execute(DriverCommandExecutor.java:83)
            at org.openqa.selenium.remote.RemoteWebDriver.execute(RemoteWebDriver.java:543)
            at org.openqa.selenium.remote.RemoteWebDriver.perform(RemoteWebDriver.java:609)
            at org.openqa.selenium.interactions.Actions$BuiltAction.perform(Actions.java:638)
            at pages.SearchPage.moveToSearchVoiceButton(SearchPage.java:48)
            at steps.SearchSteps.openToolTip(SearchSteps.java:17)
            at tests.SearchTest.verifySearchByVoiceTooltipOnGoogle(SearchTest.java:18)
            Caused by: java.lang.reflect.InvocationTargetException
            at sun.reflect.NativeMethodAccessorImpl.invoke0(Native Method)
            at sun.reflect.NativeMethodAccessorImpl.invoke(NativeMethodAccessorImpl.java:62)
            at sun.reflect.DelegatingMethodAccessorImpl.invoke(DelegatingMethodAccessorImpl.java:43)
            at java.lang.reflect.Method.invoke(Method.java:498)
            at org.openqa.selenium.json.BeanToJsonConverter.convertUsingMethod(BeanToJsonConverter.java:191)
            ... 70 more
            Caused by: org.openqa.selenium.NoSuchElementException: Unable to find element with css selector ==
            div.hpuQDe
            For documentation on this error, please visit: http://seleniumhq.org/exceptions/no_such_element.html
            Build info: version: &apos;3.12.0&apos;, revision: &apos;7c6e0b3&apos;, time: &apos;2018-05-08T14:04:26.12Z&apos;
            System info: host: &apos;DESKTOP-L3DKLKL&apos;, ip: &apos;192.168.0.106&apos;, os.name: &apos;Windows 10&apos;,
            os.arch: &apos;amd64&apos;, os.version: &apos;10.0&apos;, java.version: &apos;1.8.0_181&apos;
            Driver info: org.openqa.selenium.ie.InternetExplorerDriver
            Capabilities {acceptInsecureCerts: false, browserName: internet explorer, browserVersion: 11,
            javascriptEnabled: true, pageLoadStrategy: normal, platform: WINDOWS, platformName: WINDOWS, proxy: Proxy(),
            se:ieOptions: {browserAttachTimeout: 0, elementScrollBehavior: 0, enablePersistentHover: true,
            ie.browserCommandLineSwitches: , ie.edgechromium: false, ie.edgepath: , ie.ensureCleanSession: false,
            ie.fileUploadDialogTimeout: 3000, ie.forceCreateProcessApi: false, ignoreProtectedModeSettings: false,
            ignoreZoomSetting: true, initialBrowserUrl: http://localhost:42832/, nativeEvents: true, requireWindowFocus:
            false}, setWindowRect: true, strictFileInteractability: false, timeouts: {implicit: 0, pageLoad: 300000,
            script: 30000}, unhandledPromptBehavior: dismiss and notify}
            Session ID: 20d651b5-a543-4cbd-9d6b-2548db47e48a
            *** Element info: {Using=css selector, value=div.hpuQDe}
            at sun.reflect.NativeConstructorAccessorImpl.newInstance0(Native Method)
            at sun.reflect.NativeConstructorAccessorImpl.newInstance(NativeConstructorAccessorImpl.java:62)
            at sun.reflect.DelegatingConstructorAccessorImpl.newInstance(DelegatingConstructorAccessorImpl.java:45)
            at java.lang.reflect.Constructor.newInstance(Constructor.java:423)
            at org.openqa.selenium.remote.http.W3CHttpResponseCodec.createException(W3CHttpResponseCodec.java:187)
            at org.openqa.selenium.remote.http.W3CHttpResponseCodec.decode(W3CHttpResponseCodec.java:122)
            at org.openqa.selenium.remote.http.W3CHttpResponseCodec.decode(W3CHttpResponseCodec.java:49)
            at org.openqa.selenium.remote.HttpCommandExecutor.execute(HttpCommandExecutor.java:158)
            at org.openqa.selenium.remote.service.DriverCommandExecutor.execute(DriverCommandExecutor.java:83)
            at org.openqa.selenium.remote.RemoteWebDriver.execute(RemoteWebDriver.java:543)
            at org.openqa.selenium.remote.RemoteWebDriver.findElement(RemoteWebDriver.java:317)
            at org.openqa.selenium.remote.RemoteWebDriver.findElementByCssSelector(RemoteWebDriver.java:411)
            at org.openqa.selenium.By$ByCssSelector.findElement(By.java:431)
            at org.openqa.selenium.remote.RemoteWebDriver.findElement(RemoteWebDriver.java:309)
            at org.openqa.selenium.support.pagefactory.DefaultElementLocator.findElement(DefaultElementLocator.java:69)
            at
            org.openqa.selenium.support.pagefactory.internal.LocatingElementHandler.invoke(LocatingElementHandler.java:38)
            at com.sun.proxy.$Proxy9.getWrappedElement(Unknown Source)
            at org.openqa.selenium.interactions.PointerInput$Origin.asArg(PointerInput.java:203)
            at org.openqa.selenium.interactions.PointerInput$Move.encode(PointerInput.java:154)
            at org.openqa.selenium.interactions.Sequence.encode(Sequence.java:75)
            at org.openqa.selenium.interactions.Sequence.toJson(Sequence.java:84)
            ... 75 more
        </failure>
    </testcase>
</testsuite>